Copyright 1986-2022 Xilinx, Inc. All Rights Reserved. Copyright 2022-2025 Advanced Micro Devices, Inc. All Rights Reserved.
---------------------------------------------------------------------------------------------------------------------------------------------------------------------------------------------------------------------
| Tool Version : Vivado v.2025.1 (win64) Build 6140274 Thu May 22 00:12:29 MDT 2025
| Date         : Mon Jun 23 19:18:35 2025
| Host         : DESKTOP-0CBU63E running 64-bit major release  (build 9200)
| Command      : report_timing_summary -max_paths 10 -routable_nets -report_unconstrained -file PWM_timing_summary_routed.rpt -pb PWM_timing_summary_routed.pb -rpx PWM_timing_summary_routed.rpx -warn_on_violation
| Design       : PWM
| Device       : 7a35t-cpg236
| Speed File   : -1  PRODUCTION 1.23 2018-06-13
| Design State : Routed
---------------------------------------------------------------------------------------------------------------------------------------------------------------------------------------------------------------------

Timing Summary Report

------------------------------------------------------------------------------------------------
| Timer Settings
| --------------
------------------------------------------------------------------------------------------------

  Enable Multi Corner Analysis               :  Yes
  Enable Pessimism Removal                   :  Yes
  Pessimism Removal Resolution               :  Nearest Common Node
  Enable Input Delay Default Clock           :  No
  Enable Preset / Clear Arcs                 :  No
  Disable Flight Delays                      :  No
  Ignore I/O Paths                           :  No
  Timing Early Launch at Borrowing Latches   :  No
  Borrow Time for Max Delay Exceptions       :  Yes
  Merge Timing Exceptions                    :  Yes
  Inter-SLR Compensation                     :  Conservative

  Corner  Analyze    Analyze    
  Name    Max Paths  Min Paths  
  ------  ---------  ---------  
  Slow    Yes        Yes        
  Fast    Yes        Yes        


------------------------------------------------------------------------------------------------
| Report Methodology
| ------------------
------------------------------------------------------------------------------------------------

Rule       Severity          Description                  Violations  
---------  ----------------  ---------------------------  ----------  
TIMING-17  Critical Warning  Non-clocked sequential cell  29          

Note: This report is based on the most recent report_methodology run and may not be up-to-date. Run report_methodology on the current design for the latest report.



check_timing report

Table of Contents
-----------------
1. checking no_clock (29)
2. checking constant_clock (0)
3. checking pulse_width_clock (0)
4. checking unconstrained_internal_endpoints (58)
5. checking no_input_delay (1)
6. checking no_output_delay (1)
7. checking multiple_clock (0)
8. checking generated_clocks (0)
9. checking loops (0)
10. checking partial_input_delay (0)
11. checking partial_output_delay (0)
12. checking latch_loops (0)

1. checking no_clock (29)
-------------------------
 There are 29 register/latch pins with no clock driven by root clock pin: clk (HIGH)


2. checking constant_clock (0)
------------------------------
 There are 0 register/latch pins with constant_clock.


3. checking pulse_width_clock (0)
---------------------------------
 There are 0 register/latch pins which need pulse_width check


4. checking unconstrained_internal_endpoints (58)
-------------------------------------------------
 There are 58 pins that are not constrained for maximum delay. (HIGH)

 There are 0 pins that are not constrained for maximum delay due to constant clock.


5. checking no_input_delay (1)
------------------------------
 There is 1 input port with no input delay specified. (HIGH)

 There are 0 input ports with no input delay but user has a false path constraint.


6. checking no_output_delay (1)
-------------------------------
 There is 1 port with no output delay specified. (HIGH)

 There are 0 ports with no output delay but user has a false path constraint

 There are 0 ports with no output delay but with a timing clock defined on it or propagating through it


7. checking multiple_clock (0)
------------------------------
 There are 0 register/latch pins with multiple clocks.


8. checking generated_clocks (0)
--------------------------------
 There are 0 generated clocks that are not connected to a clock source.


9. checking loops (0)
---------------------
 There are 0 combinational loops in the design.


10. checking partial_input_delay (0)
------------------------------------
 There are 0 input ports with partial input delay specified.


11. checking partial_output_delay (0)
-------------------------------------
 There are 0 ports with partial output delay specified.


12. checking latch_loops (0)
----------------------------
 There are 0 combinational latch loops in the design through latch input



------------------------------------------------------------------------------------------------
| Design Timing Summary
| ---------------------
------------------------------------------------------------------------------------------------

    WNS(ns)      TNS(ns)  TNS Failing Endpoints  TNS Total Endpoints      WHS(ns)      THS(ns)  THS Failing Endpoints  THS Total Endpoints     WPWS(ns)     TPWS(ns)  TPWS Failing Endpoints  TPWS Total Endpoints  
    -------      -------  ---------------------  -------------------      -------      -------  ---------------------  -------------------     --------     --------  ----------------------  --------------------  
        inf        0.000                      0                   59          inf        0.000                      0                   59           NA           NA                      NA                    NA  


There are no user specified timing constraints.


------------------------------------------------------------------------------------------------
| Clock Summary
| -------------
------------------------------------------------------------------------------------------------


------------------------------------------------------------------------------------------------
| Intra Clock Table
| -----------------
------------------------------------------------------------------------------------------------

Clock             WNS(ns)      TNS(ns)  TNS Failing Endpoints  TNS Total Endpoints      WHS(ns)      THS(ns)  THS Failing Endpoints  THS Total Endpoints     WPWS(ns)     TPWS(ns)  TPWS Failing Endpoints  TPWS Total Endpoints  
-----             -------      -------  ---------------------  -------------------      -------      -------  ---------------------  -------------------     --------     --------  ----------------------  --------------------  


------------------------------------------------------------------------------------------------
| Inter Clock Table
| -----------------
------------------------------------------------------------------------------------------------

From Clock    To Clock          WNS(ns)      TNS(ns)  TNS Failing Endpoints  TNS Total Endpoints      WHS(ns)      THS(ns)  THS Failing Endpoints  THS Total Endpoints  
----------    --------          -------      -------  ---------------------  -------------------      -------      -------  ---------------------  -------------------  


------------------------------------------------------------------------------------------------
| Other Path Groups Table
| -----------------------
------------------------------------------------------------------------------------------------

Path Group    From Clock    To Clock          WNS(ns)      TNS(ns)  TNS Failing Endpoints  TNS Total Endpoints      WHS(ns)      THS(ns)  THS Failing Endpoints  THS Total Endpoints  
----------    ----------    --------          -------      -------  ---------------------  -------------------      -------      -------  ---------------------  -------------------  


------------------------------------------------------------------------------------------------
| User Ignored Path Table
| -----------------------
------------------------------------------------------------------------------------------------

Path Group    From Clock    To Clock    
----------    ----------    --------    


------------------------------------------------------------------------------------------------
| Unconstrained Path Table
| ------------------------
------------------------------------------------------------------------------------------------

Path Group    From Clock    To Clock    
----------    ----------    --------    
(none)                                    


------------------------------------------------------------------------------------------------
| Timing Details
| --------------
------------------------------------------------------------------------------------------------


--------------------------------------------------------------------------------------
Path Group:  (none)
From Clock:  
  To Clock:  

Max Delay            59 Endpoints
Min Delay            59 Endpoints
--------------------------------------------------------------------------------------


Max Delay Paths
--------------------------------------------------------------------------------------
Slack:                    inf
  Source:                 sig_reg/C
                            (rising edge-triggered cell FDRE)
  Destination:            sig
                            (output port)
  Path Group:             (none)
  Path Type:              Max at Slow Process Corner
  Data Path Delay:        6.457ns  (logic 4.034ns (62.471%)  route 2.423ns (37.529%))
  Logic Levels:           2  (FDRE=1 OBUF=1)

    Location             Delay type                Incr(ns)  Path(ns)    Netlist Resource(s)
  -------------------------------------------------------------------    -------------------
    SLICE_X64Y69         FDRE                         0.000     0.000 r  sig_reg/C
    SLICE_X64Y69         FDRE (Prop_fdre_C_Q)         0.518     0.518 r  sig_reg/Q
                         net (fo=1, routed)           2.423     2.941    sig_OBUF
    L2                   OBUF (Prop_obuf_I_O)         3.516     6.457 r  sig_OBUF_inst/O
                         net (fo=0)                   0.000     6.457    sig
    L2                                                                r  sig (OUT)
  -------------------------------------------------------------------    -------------------

Slack:                    inf
  Source:                 switch
                            (input port)
  Destination:            sig_reg/R
  Path Group:             (none)
  Path Type:              Max at Slow Process Corner
  Data Path Delay:        4.490ns  (logic 1.580ns (35.197%)  route 2.909ns (64.803%))
  Logic Levels:           2  (IBUF=1 LUT1=1)

    Location             Delay type                Incr(ns)  Path(ns)    Netlist Resource(s)
  -------------------------------------------------------------------    -------------------
    R2                                                0.000     0.000 f  switch (IN)
                         net (fo=0)                   0.000     0.000    switch
    R2                   IBUF (Prop_ibuf_I_O)         1.456     1.456 f  switch_IBUF_inst/O
                         net (fo=2, routed)           2.108     3.564    switch_IBUF
    SLICE_X64Y69         LUT1 (Prop_lut1_I0_O)        0.124     3.688 r  sig_i_1/O
                         net (fo=1, routed)           0.802     4.490    sig_i_1_n_0
    SLICE_X64Y69         FDRE                                         r  sig_reg/R
  -------------------------------------------------------------------    -------------------

Slack:                    inf
  Source:                 switch
                            (input port)
  Destination:            counter_reg[12]/R
  Path Group:             (none)
  Path Type:              Max at Slow Process Corner
  Data Path Delay:        4.381ns  (logic 1.580ns (36.070%)  route 2.801ns (63.930%))
  Logic Levels:           2  (IBUF=1 LUT4=1)

    Location             Delay type                Incr(ns)  Path(ns)    Netlist Resource(s)
  -------------------------------------------------------------------    -------------------
    R2                                                0.000     0.000 f  switch (IN)
                         net (fo=0)                   0.000     0.000    switch
    R2                   IBUF (Prop_ibuf_I_O)         1.456     1.456 f  switch_IBUF_inst/O
                         net (fo=2, routed)           2.141     3.597    switch_IBUF
    SLICE_X64Y67         LUT4 (Prop_lut4_I3_O)        0.124     3.721 r  counter[0]_i_1/O
                         net (fo=28, routed)          0.660     4.381    counter[0]_i_1_n_0
    SLICE_X65Y67         FDRE                                         r  counter_reg[12]/R
  -------------------------------------------------------------------    -------------------

Slack:                    inf
  Source:                 switch
                            (input port)
  Destination:            counter_reg[13]/R
  Path Group:             (none)
  Path Type:              Max at Slow Process Corner
  Data Path Delay:        4.381ns  (logic 1.580ns (36.070%)  route 2.801ns (63.930%))
  Logic Levels:           2  (IBUF=1 LUT4=1)

    Location             Delay type                Incr(ns)  Path(ns)    Netlist Resource(s)
  -------------------------------------------------------------------    -------------------
    R2                                                0.000     0.000 f  switch (IN)
                         net (fo=0)                   0.000     0.000    switch
    R2                   IBUF (Prop_ibuf_I_O)         1.456     1.456 f  switch_IBUF_inst/O
                         net (fo=2, routed)           2.141     3.597    switch_IBUF
    SLICE_X64Y67         LUT4 (Prop_lut4_I3_O)        0.124     3.721 r  counter[0]_i_1/O
                         net (fo=28, routed)          0.660     4.381    counter[0]_i_1_n_0
    SLICE_X65Y67         FDRE                                         r  counter_reg[13]/R
  -------------------------------------------------------------------    -------------------

Slack:                    inf
  Source:                 switch
                            (input port)
  Destination:            counter_reg[14]/R
  Path Group:             (none)
  Path Type:              Max at Slow Process Corner
  Data Path Delay:        4.381ns  (logic 1.580ns (36.070%)  route 2.801ns (63.930%))
  Logic Levels:           2  (IBUF=1 LUT4=1)

    Location             Delay type                Incr(ns)  Path(ns)    Netlist Resource(s)
  -------------------------------------------------------------------    -------------------
    R2                                                0.000     0.000 f  switch (IN)
                         net (fo=0)                   0.000     0.000    switch
    R2                   IBUF (Prop_ibuf_I_O)         1.456     1.456 f  switch_IBUF_inst/O
                         net (fo=2, routed)           2.141     3.597    switch_IBUF
    SLICE_X64Y67         LUT4 (Prop_lut4_I3_O)        0.124     3.721 r  counter[0]_i_1/O
                         net (fo=28, routed)          0.660     4.381    counter[0]_i_1_n_0
    SLICE_X65Y67         FDRE                                         r  counter_reg[14]/R
  -------------------------------------------------------------------    -------------------

Slack:                    inf
  Source:                 switch
                            (input port)
  Destination:            counter_reg[15]/R
  Path Group:             (none)
  Path Type:              Max at Slow Process Corner
  Data Path Delay:        4.381ns  (logic 1.580ns (36.070%)  route 2.801ns (63.930%))
  Logic Levels:           2  (IBUF=1 LUT4=1)

    Location             Delay type                Incr(ns)  Path(ns)    Netlist Resource(s)
  -------------------------------------------------------------------    -------------------
    R2                                                0.000     0.000 f  switch (IN)
                         net (fo=0)                   0.000     0.000    switch
    R2                   IBUF (Prop_ibuf_I_O)         1.456     1.456 f  switch_IBUF_inst/O
                         net (fo=2, routed)           2.141     3.597    switch_IBUF
    SLICE_X64Y67         LUT4 (Prop_lut4_I3_O)        0.124     3.721 r  counter[0]_i_1/O
                         net (fo=28, routed)          0.660     4.381    counter[0]_i_1_n_0
    SLICE_X65Y67         FDRE                                         r  counter_reg[15]/R
  -------------------------------------------------------------------    -------------------

Slack:                    inf
  Source:                 switch
                            (input port)
  Destination:            counter_reg[0]/R
  Path Group:             (none)
  Path Type:              Max at Slow Process Corner
  Data Path Delay:        4.374ns  (logic 1.580ns (36.130%)  route 2.793ns (63.870%))
  Logic Levels:           2  (IBUF=1 LUT4=1)

    Location             Delay type                Incr(ns)  Path(ns)    Netlist Resource(s)
  -------------------------------------------------------------------    -------------------
    R2                                                0.000     0.000 f  switch (IN)
                         net (fo=0)                   0.000     0.000    switch
    R2                   IBUF (Prop_ibuf_I_O)         1.456     1.456 f  switch_IBUF_inst/O
                         net (fo=2, routed)           2.141     3.597    switch_IBUF
    SLICE_X64Y67         LUT4 (Prop_lut4_I3_O)        0.124     3.721 r  counter[0]_i_1/O
                         net (fo=28, routed)          0.653     4.374    counter[0]_i_1_n_0
    SLICE_X65Y64         FDRE                                         r  counter_reg[0]/R
  -------------------------------------------------------------------    -------------------

Slack:                    inf
  Source:                 switch
                            (input port)
  Destination:            counter_reg[1]/R
  Path Group:             (none)
  Path Type:              Max at Slow Process Corner
  Data Path Delay:        4.374ns  (logic 1.580ns (36.130%)  route 2.793ns (63.870%))
  Logic Levels:           2  (IBUF=1 LUT4=1)

    Location             Delay type                Incr(ns)  Path(ns)    Netlist Resource(s)
  -------------------------------------------------------------------    -------------------
    R2                                                0.000     0.000 f  switch (IN)
                         net (fo=0)                   0.000     0.000    switch
    R2                   IBUF (Prop_ibuf_I_O)         1.456     1.456 f  switch_IBUF_inst/O
                         net (fo=2, routed)           2.141     3.597    switch_IBUF
    SLICE_X64Y67         LUT4 (Prop_lut4_I3_O)        0.124     3.721 r  counter[0]_i_1/O
                         net (fo=28, routed)          0.653     4.374    counter[0]_i_1_n_0
    SLICE_X65Y64         FDRE                                         r  counter_reg[1]/R
  -------------------------------------------------------------------    -------------------

Slack:                    inf
  Source:                 switch
                            (input port)
  Destination:            counter_reg[2]/R
  Path Group:             (none)
  Path Type:              Max at Slow Process Corner
  Data Path Delay:        4.374ns  (logic 1.580ns (36.130%)  route 2.793ns (63.870%))
  Logic Levels:           2  (IBUF=1 LUT4=1)

    Location             Delay type                Incr(ns)  Path(ns)    Netlist Resource(s)
  -------------------------------------------------------------------    -------------------
    R2                                                0.000     0.000 f  switch (IN)
                         net (fo=0)                   0.000     0.000    switch
    R2                   IBUF (Prop_ibuf_I_O)         1.456     1.456 f  switch_IBUF_inst/O
                         net (fo=2, routed)           2.141     3.597    switch_IBUF
    SLICE_X64Y67         LUT4 (Prop_lut4_I3_O)        0.124     3.721 r  counter[0]_i_1/O
                         net (fo=28, routed)          0.653     4.374    counter[0]_i_1_n_0
    SLICE_X65Y64         FDRE                                         r  counter_reg[2]/R
  -------------------------------------------------------------------    -------------------

Slack:                    inf
  Source:                 switch
                            (input port)
  Destination:            counter_reg[3]/R
  Path Group:             (none)
  Path Type:              Max at Slow Process Corner
  Data Path Delay:        4.374ns  (logic 1.580ns (36.130%)  route 2.793ns (63.870%))
  Logic Levels:           2  (IBUF=1 LUT4=1)

    Location             Delay type                Incr(ns)  Path(ns)    Netlist Resource(s)
  -------------------------------------------------------------------    -------------------
    R2                                                0.000     0.000 f  switch (IN)
                         net (fo=0)                   0.000     0.000    switch
    R2                   IBUF (Prop_ibuf_I_O)         1.456     1.456 f  switch_IBUF_inst/O
                         net (fo=2, routed)           2.141     3.597    switch_IBUF
    SLICE_X64Y67         LUT4 (Prop_lut4_I3_O)        0.124     3.721 r  counter[0]_i_1/O
                         net (fo=28, routed)          0.653     4.374    counter[0]_i_1_n_0
    SLICE_X65Y64         FDRE                                         r  counter_reg[3]/R
  -------------------------------------------------------------------    -------------------





Min Delay Paths
--------------------------------------------------------------------------------------
Slack:                    inf
  Source:                 counter_reg[26]/C
                            (rising edge-triggered cell FDRE)
  Destination:            sig_reg/D
  Path Group:             (none)
  Path Type:              Min at Fast Process Corner
  Data Path Delay:        0.317ns  (logic 0.186ns (58.675%)  route 0.131ns (41.325%))
  Logic Levels:           2  (FDRE=1 LUT6=1)

    Location             Delay type                Incr(ns)  Path(ns)    Netlist Resource(s)
  -------------------------------------------------------------------    -------------------
    SLICE_X65Y70         FDRE                         0.000     0.000 r  counter_reg[26]/C
    SLICE_X65Y70         FDRE (Prop_fdre_C_Q)         0.141     0.141 f  counter_reg[26]/Q
                         net (fo=3, routed)           0.131     0.272    counter_reg[26]
    SLICE_X64Y69         LUT6 (Prop_lut6_I3_O)        0.045     0.317 r  sig_i_2/O
                         net (fo=1, routed)           0.000     0.317    p_1_in
    SLICE_X64Y69         FDRE                                         r  sig_reg/D
  -------------------------------------------------------------------    -------------------

Slack:                    inf
  Source:                 counter_reg[3]/C
                            (rising edge-triggered cell FDRE)
  Destination:            counter_reg[3]/D
  Path Group:             (none)
  Path Type:              Min at Fast Process Corner
  Data Path Delay:        0.368ns  (logic 0.249ns (67.612%)  route 0.119ns (32.388%))
  Logic Levels:           2  (CARRY4=1 FDRE=1)

    Location             Delay type                Incr(ns)  Path(ns)    Netlist Resource(s)
  -------------------------------------------------------------------    -------------------
    SLICE_X65Y64         FDRE                         0.000     0.000 r  counter_reg[3]/C
    SLICE_X65Y64         FDRE (Prop_fdre_C_Q)         0.141     0.141 r  counter_reg[3]/Q
                         net (fo=2, routed)           0.119     0.260    counter_reg[3]
    SLICE_X65Y64         CARRY4 (Prop_carry4_S[3]_O[3])
                                                      0.108     0.368 r  counter_reg[0]_i_2/O[3]
                         net (fo=1, routed)           0.000     0.368    counter_reg[0]_i_2_n_4
    SLICE_X65Y64         FDRE                                         r  counter_reg[3]/D
  -------------------------------------------------------------------    -------------------

Slack:                    inf
  Source:                 counter_reg[11]/C
                            (rising edge-triggered cell FDRE)
  Destination:            counter_reg[11]/D
  Path Group:             (none)
  Path Type:              Min at Fast Process Corner
  Data Path Delay:        0.369ns  (logic 0.249ns (67.424%)  route 0.120ns (32.576%))
  Logic Levels:           2  (CARRY4=1 FDRE=1)

    Location             Delay type                Incr(ns)  Path(ns)    Netlist Resource(s)
  -------------------------------------------------------------------    -------------------
    SLICE_X65Y66         FDRE                         0.000     0.000 r  counter_reg[11]/C
    SLICE_X65Y66         FDRE (Prop_fdre_C_Q)         0.141     0.141 r  counter_reg[11]/Q
                         net (fo=3, routed)           0.120     0.261    counter_reg[11]
    SLICE_X65Y66         CARRY4 (Prop_carry4_S[3]_O[3])
                                                      0.108     0.369 r  counter_reg[8]_i_1/O[3]
                         net (fo=1, routed)           0.000     0.369    counter_reg[8]_i_1_n_4
    SLICE_X65Y66         FDRE                                         r  counter_reg[11]/D
  -------------------------------------------------------------------    -------------------

Slack:                    inf
  Source:                 counter_reg[12]/C
                            (rising edge-triggered cell FDRE)
  Destination:            counter_reg[12]/D
  Path Group:             (none)
  Path Type:              Min at Fast Process Corner
  Data Path Delay:        0.372ns  (logic 0.256ns (68.766%)  route 0.116ns (31.234%))
  Logic Levels:           2  (CARRY4=1 FDRE=1)

    Location             Delay type                Incr(ns)  Path(ns)    Netlist Resource(s)
  -------------------------------------------------------------------    -------------------
    SLICE_X65Y67         FDRE                         0.000     0.000 r  counter_reg[12]/C
    SLICE_X65Y67         FDRE (Prop_fdre_C_Q)         0.141     0.141 r  counter_reg[12]/Q
                         net (fo=3, routed)           0.116     0.257    counter_reg[12]
    SLICE_X65Y67         CARRY4 (Prop_carry4_S[0]_O[0])
                                                      0.115     0.372 r  counter_reg[12]_i_1/O[0]
                         net (fo=1, routed)           0.000     0.372    counter_reg[12]_i_1_n_7
    SLICE_X65Y67         FDRE                                         r  counter_reg[12]/D
  -------------------------------------------------------------------    -------------------

Slack:                    inf
  Source:                 counter_reg[4]/C
                            (rising edge-triggered cell FDRE)
  Destination:            counter_reg[4]/D
  Path Group:             (none)
  Path Type:              Min at Fast Process Corner
  Data Path Delay:        0.372ns  (logic 0.256ns (68.766%)  route 0.116ns (31.234%))
  Logic Levels:           2  (CARRY4=1 FDRE=1)

    Location             Delay type                Incr(ns)  Path(ns)    Netlist Resource(s)
  -------------------------------------------------------------------    -------------------
    SLICE_X65Y65         FDRE                         0.000     0.000 r  counter_reg[4]/C
    SLICE_X65Y65         FDRE (Prop_fdre_C_Q)         0.141     0.141 r  counter_reg[4]/Q
                         net (fo=2, routed)           0.116     0.257    counter_reg[4]
    SLICE_X65Y65         CARRY4 (Prop_carry4_S[0]_O[0])
                                                      0.115     0.372 r  counter_reg[4]_i_1/O[0]
                         net (fo=1, routed)           0.000     0.372    counter_reg[4]_i_1_n_7
    SLICE_X65Y65         FDRE                                         r  counter_reg[4]/D
  -------------------------------------------------------------------    -------------------

Slack:                    inf
  Source:                 counter_reg[2]/C
                            (rising edge-triggered cell FDRE)
  Destination:            counter_reg[2]/D
  Path Group:             (none)
  Path Type:              Min at Fast Process Corner
  Data Path Delay:        0.372ns  (logic 0.252ns (67.654%)  route 0.120ns (32.346%))
  Logic Levels:           2  (CARRY4=1 FDRE=1)

    Location             Delay type                Incr(ns)  Path(ns)    Netlist Resource(s)
  -------------------------------------------------------------------    -------------------
    SLICE_X65Y64         FDRE                         0.000     0.000 r  counter_reg[2]/C
    SLICE_X65Y64         FDRE (Prop_fdre_C_Q)         0.141     0.141 r  counter_reg[2]/Q
                         net (fo=2, routed)           0.120     0.261    counter_reg[2]
    SLICE_X65Y64         CARRY4 (Prop_carry4_S[2]_O[2])
                                                      0.111     0.372 r  counter_reg[0]_i_2/O[2]
                         net (fo=1, routed)           0.000     0.372    counter_reg[0]_i_2_n_5
    SLICE_X65Y64         FDRE                                         r  counter_reg[2]/D
  -------------------------------------------------------------------    -------------------

Slack:                    inf
  Source:                 counter_reg[24]/C
                            (rising edge-triggered cell FDRE)
  Destination:            counter_reg[24]/D
  Path Group:             (none)
  Path Type:              Min at Fast Process Corner
  Data Path Delay:        0.373ns  (logic 0.256ns (68.576%)  route 0.117ns (31.424%))
  Logic Levels:           2  (CARRY4=1 FDRE=1)

    Location             Delay type                Incr(ns)  Path(ns)    Netlist Resource(s)
  -------------------------------------------------------------------    -------------------
    SLICE_X65Y70         FDRE                         0.000     0.000 r  counter_reg[24]/C
    SLICE_X65Y70         FDRE (Prop_fdre_C_Q)         0.141     0.141 r  counter_reg[24]/Q
                         net (fo=3, routed)           0.117     0.258    counter_reg[24]
    SLICE_X65Y70         CARRY4 (Prop_carry4_S[0]_O[0])
                                                      0.115     0.373 r  counter_reg[24]_i_1/O[0]
                         net (fo=1, routed)           0.000     0.373    counter_reg[24]_i_1_n_7
    SLICE_X65Y70         FDRE                                         r  counter_reg[24]/D
  -------------------------------------------------------------------    -------------------

Slack:                    inf
  Source:                 counter_reg[22]/C
                            (rising edge-triggered cell FDRE)
  Destination:            counter_reg[22]/D
  Path Group:             (none)
  Path Type:              Min at Fast Process Corner
  Data Path Delay:        0.374ns  (logic 0.252ns (67.467%)  route 0.122ns (32.533%))
  Logic Levels:           2  (CARRY4=1 FDRE=1)

    Location             Delay type                Incr(ns)  Path(ns)    Netlist Resource(s)
  -------------------------------------------------------------------    -------------------
    SLICE_X65Y69         FDRE                         0.000     0.000 r  counter_reg[22]/C
    SLICE_X65Y69         FDRE (Prop_fdre_C_Q)         0.141     0.141 r  counter_reg[22]/Q
                         net (fo=3, routed)           0.122     0.263    counter_reg[22]
    SLICE_X65Y69         CARRY4 (Prop_carry4_S[2]_O[2])
                                                      0.111     0.374 r  counter_reg[20]_i_1/O[2]
                         net (fo=1, routed)           0.000     0.374    counter_reg[20]_i_1_n_5
    SLICE_X65Y69         FDRE                                         r  counter_reg[22]/D
  -------------------------------------------------------------------    -------------------

Slack:                    inf
  Source:                 counter_reg[26]/C
                            (rising edge-triggered cell FDRE)
  Destination:            counter_reg[26]/D
  Path Group:             (none)
  Path Type:              Min at Fast Process Corner
  Data Path Delay:        0.374ns  (logic 0.252ns (67.467%)  route 0.122ns (32.533%))
  Logic Levels:           2  (CARRY4=1 FDRE=1)

    Location             Delay type                Incr(ns)  Path(ns)    Netlist Resource(s)
  -------------------------------------------------------------------    -------------------
    SLICE_X65Y70         FDRE                         0.000     0.000 r  counter_reg[26]/C
    SLICE_X65Y70         FDRE (Prop_fdre_C_Q)         0.141     0.141 r  counter_reg[26]/Q
                         net (fo=3, routed)           0.122     0.263    counter_reg[26]
    SLICE_X65Y70         CARRY4 (Prop_carry4_S[2]_O[2])
                                                      0.111     0.374 r  counter_reg[24]_i_1/O[2]
                         net (fo=1, routed)           0.000     0.374    counter_reg[24]_i_1_n_5
    SLICE_X65Y70         FDRE                                         r  counter_reg[26]/D
  -------------------------------------------------------------------    -------------------

Slack:                    inf
  Source:                 counter_reg[23]/C
                            (rising edge-triggered cell FDRE)
  Destination:            counter_reg[23]/D
  Path Group:             (none)
  Path Type:              Min at Fast Process Corner
  Data Path Delay:        0.375ns  (logic 0.249ns (66.356%)  route 0.126ns (33.644%))
  Logic Levels:           2  (CARRY4=1 FDRE=1)

    Location             Delay type                Incr(ns)  Path(ns)    Netlist Resource(s)
  -------------------------------------------------------------------    -------------------
    SLICE_X65Y69         FDRE                         0.000     0.000 r  counter_reg[23]/C
    SLICE_X65Y69         FDRE (Prop_fdre_C_Q)         0.141     0.141 r  counter_reg[23]/Q
                         net (fo=3, routed)           0.126     0.267    counter_reg[23]
    SLICE_X65Y69         CARRY4 (Prop_carry4_S[3]_O[3])
                                                      0.108     0.375 r  counter_reg[20]_i_1/O[3]
                         net (fo=1, routed)           0.000     0.375    counter_reg[20]_i_1_n_4
    SLICE_X65Y69         FDRE                                         r  counter_reg[23]/D
  -------------------------------------------------------------------    -------------------





